(base) raytrack@u16-01:~/workspace/Learn-CUDA/Chapter08/01_sgemm$ export LD_LIBRARY_PATH=/usr/local/cuda-9.2/lib64:$LD_LIBRARY_PATH
(base) raytrack@u16-01:~/workspace/Learn-CUDA/Chapter08/01_sgemm$ ./cublasSgemm

A: 
  0.3456  0.5496  0.5428
  0.8810  0.4557  0.9293
  0.1850  0.1071  0.3010
  0.3556  0.6398  0.1745
  0.7354  0.7740  0.0118
  0.2974  0.5769  0.3899
  0.6629  0.6044  0.9801
B: 
  0.4357  0.5785  0.1743  0.9536  0.2424  0.0946  0.5074
  0.4418  0.7349  0.6901  0.7874  0.2845  0.2329  0.6685
  0.7402  0.1622  0.8535  0.8474  0.4631  0.2091  0.4872
  0.6377  0.9445  0.2611  0.6495  0.2419  0.8380  0.0394
C: 
  0.9049  0.4424  0.0195  0.3406
  0.0209  0.1938  0.2942  0.2633
  0.2883  0.8016  0.7052  0.0232
C out: 
  1.8497  1.5398  2.0888  2.2389
  1.5676  1.8779  2.6625  2.3491
  2.5950  1.2149  0.6991  0.7050