A:
  0.3456  0.5496  0.5428  0.8810  0.4557  0.9293
  0.1850  0.1071  0.3010  0.3556  0.6398  0.1745
  0.7354  0.7740  0.0118  0.2974  0.5769  0.3899
  0.6629  0.6044  0.9801  0.4357  0.5785  0.1743
B:
  0.9536  0.2424  0.0946  0.5074  0.4418
  0.7349  0.6901  0.7874  0.2845  0.2329
  0.6685  0.7402  0.1622  0.8535  0.8474
  0.4631  0.2091  0.4872  0.6377  0.9445
  0.2611  0.6495  0.2419  0.8380  0.0394
  0.9049  0.4424  0.0195  0.3406  0.0209
C:
  0.1938  0.2942  0.2633  0.2883  0.8016
  0.7052  0.0232  0.4917  0.4926  0.3077
  0.7246  0.1610  0.0479  0.8867  0.0145
  0.8953  0.3499  0.2236  0.3824  0.9875
C out:
  2.7704  1.9107  1.4416  1.9361  2.4072
  2.7105  2.2665  2.1317  1.9232  2.0687
  1.8825  1.4714  2.3301  3.1367  2.1882
  1.6571  0.9995  1.6640  1.3476  1.3686
